Connecting to database specified by database.yml
  [1m[36m (5.2ms)[0m  [1mCREATE TABLE "authentications" ("id" serial primary key, "user_id" integer NOT NULL, "provider" character varying(255) NOT NULL, "uid" character varying(255) NOT NULL, "created_at" timestamp NOT NULL, "updated_at" timestamp NOT NULL) [0m
  [1m[35m (3.3ms)[0m  CREATE TABLE "users" ("id" serial primary key, "name" character varying(255), "email" character varying(255), "crypted_password" character varying(255), "salt" character varying(255), "created_at" timestamp NOT NULL, "updated_at" timestamp NOT NULL, "failed_logins_count" integer DEFAULT 0, "lock_expires_at" timestamp, "unlock_token" character varying(255), "last_login_at" timestamp, "last_logout_at" timestamp, "last_activity_at" timestamp, "activation_state" character varying(255), "activation_token" character varying(255), "activation_token_expires_at" timestamp, "remember_me_token" character varying(255), "remember_me_token_expires_at" timestamp, "reset_password_token" character varying(255), "reset_password_token_expires_at" timestamp, "reset_password_email_sent_at" timestamp, "admin" boolean) 
  [1m[36m (0.9ms)[0m  [1mCREATE INDEX "index_users_on_activation_token" ON "users" ("activation_token")[0m
  [1m[35m (0.7ms)[0m  CREATE UNIQUE INDEX "index_users_on_email" ON "users" ("email")
  [1m[36m (1.0ms)[0m  [1mCREATE INDEX "index_users_on_last_logout_at_and_last_activity_at" ON "users" ("last_logout_at", "last_activity_at")[0m
  [1m[35m (0.7ms)[0m  CREATE INDEX "index_users_on_remember_me_token" ON "users" ("remember_me_token")
  [1m[36m (0.8ms)[0m  [1mCREATE INDEX "index_users_on_reset_password_token" ON "users" ("reset_password_token")[0m
  [1m[35m (0.7ms)[0m  CREATE TABLE "schema_migrations" ("version" character varying(255) NOT NULL) 
  [1m[36m (0.7ms)[0m  [1mCREATE UNIQUE INDEX "unique_schema_migrations" ON "schema_migrations" ("version")[0m
  [1m[35m (0.2ms)[0m  SELECT version FROM "schema_migrations"
  [1m[36m (0.4ms)[0m  [1mINSERT INTO "schema_migrations" (version) VALUES ('20121128215337')[0m
  [1m[35m (0.3ms)[0m  INSERT INTO "schema_migrations" (version) VALUES ('20121128215324')
  [1m[36m (0.2ms)[0m  [1mINSERT INTO "schema_migrations" (version) VALUES ('20121128215325')[0m
  [1m[35m (0.2ms)[0m  INSERT INTO "schema_migrations" (version) VALUES ('20121128215326')
  [1m[36m (0.2ms)[0m  [1mINSERT INTO "schema_migrations" (version) VALUES ('20121128215327')[0m
  [1m[35m (0.2ms)[0m  INSERT INTO "schema_migrations" (version) VALUES ('20121128215328')
  [1m[36m (0.2ms)[0m  [1mINSERT INTO "schema_migrations" (version) VALUES ('20121128215329')[0m
  [1m[35m (0.2ms)[0m  INSERT INTO "schema_migrations" (version) VALUES ('20121128215330')
  [1m[36m (0.1ms)[0m  [1mSELECT "schema_migrations"."version" FROM "schema_migrations" [0m
  [1m[35mUser Load (0.6ms)[0m  SELECT "users".* FROM "users" WHERE "users"."email" = 'user@example.com' LIMIT 1
  [1m[36m (0.2ms)[0m  [1mBEGIN[0m
  [1m[35mUser Exists (0.4ms)[0m  SELECT 1 AS one FROM "users" WHERE "users"."email" = 'user@example.com' LIMIT 1
  [1m[36mSQL (3.9ms)[0m  [1mINSERT INTO "users" ("activation_state", "activation_token", "activation_token_expires_at", "admin", "created_at", "crypted_password", "email", "failed_logins_count", "last_activity_at", "last_login_at", "last_logout_at", "lock_expires_at", "name", "remember_me_token", "remember_me_token_expires_at", "reset_password_email_sent_at", "reset_password_token", "reset_password_token_expires_at", "salt", "unlock_token", "updated_at") VALUES ($1, $2, $3, $4, $5, $6, $7, $8, $9, $10, $11, $12, $13, $14, $15, $16, $17, $18, $19, $20, $21) RETURNING "id"[0m  [["activation_state", "pending"], ["activation_token", "Ej7DwmTjj58uzVLxCox4"], ["activation_token_expires_at", nil], ["admin", nil], ["created_at", Tue, 04 Jun 2013 04:42:57 UTC +00:00], ["crypted_password", "$2a$10$GFKWfka1X3gli95yGkrwhOGMZfKK11i3U/brUVTPX3wnEUdTiC0.q"], ["email", "user@example.com"], ["failed_logins_count", 0], ["last_activity_at", nil], ["last_login_at", nil], ["last_logout_at", nil], ["lock_expires_at", nil], ["name", "Ustead User"], ["remember_me_token", nil], ["remember_me_token_expires_at", nil], ["reset_password_email_sent_at", nil], ["reset_password_token", nil], ["reset_password_token_expires_at", nil], ["salt", "LxyG8cvoFpWmYcnnLthh"], ["unlock_token", nil], ["updated_at", Tue, 04 Jun 2013 04:42:57 UTC +00:00]]
  Rendered user_mailer/activation_needed_email.html.erb (1.8ms)
  Rendered user_mailer/activation_needed_email.text.erb (0.5ms)

Sent mail to user@example.com (12ms)
Date: Mon, 03 Jun 2013 21:42:57 -0700
From: notifications@example.com
To: user@example.com
Message-ID: <51ad70515abff_56d53fd110c6066c5541@localhost.mail>
Subject: Welcome to My Awesome Site!
Mime-Version: 1.0
Content-Type: multipart/alternative;
 boundary="--==_mimepart_51ad705158c83_56d53fd110c6066c5534b";
 charset=UTF-8
Content-Transfer-Encoding: 7bit


----==_mimepart_51ad705158c83_56d53fd110c6066c5534b
Content-Type: text/plain;
 charset=UTF-8
Content-Transfer-Encoding: 7bit

Welcome to Tourganizer, user@example.com!
===============================================
 
You have successfully signed up to tourganizer.herokuapp.com,
your username is: user@example.com.
 
To login to the site, just follow this link: http://0.0.0.0:3000/activate/Ej7DwmTjj58uzVLxCox4
 
Thanks for joining and have a great day!

----==_mimepart_51ad705158c83_56d53fd110c6066c5534b
Content-Type: text/html;
 charset=UTF-8
Content-Transfer-Encoding: 7bit

<!DOCTYPE html>
<html>
  <head>
    <meta content="text/html; charset=UTF-8" http-equiv="Content-Type" />
  </head>
  <body>
    <h1>Welcome to Tourganizer, user@example.com</h1>
    <p>
      You have successfully signed up to tourganizer.herokuapp.com,
      your username is: user@example.com.<br/>
    </p>
    <p>
      To login to the site, just follow this link: <a href="http://0.0.0.0:3000/activate/Ej7DwmTjj58uzVLxCox4">http://0.0.0.0:3000/activate/Ej7DwmTjj58uzVLxCox4</a>.
    </p>
    <p>Thanks for joining and have a great day!</p>
  </body>
</html>

----==_mimepart_51ad705158c83_56d53fd110c6066c5534b--

  [1m[35m (0.4ms)[0m  COMMIT
  Rendered user_mailer/activation_success_email.html.erb (0.8ms)
  Rendered user_mailer/activation_success_email.text.erb (0.4ms)

Sent mail to user@example.com (8ms)
Date: Mon, 03 Jun 2013 21:42:57 -0700
From: notifications@example.com
To: user@example.com
Message-ID: <51ad705160e33_56d53fd110c6066c556f1@localhost.mail>
Subject: Your account has been activated!
Mime-Version: 1.0
Content-Type: multipart/alternative;
 boundary="--==_mimepart_51ad70515fab5_56d53fd110c6066c5551f";
 charset=UTF-8
Content-Transfer-Encoding: 7bit


----==_mimepart_51ad70515fab5_56d53fd110c6066c5551f
Content-Type: text/plain;
 charset=UTF-8
Content-Transfer-Encoding: 7bit

Congratulations, user@example.com!
===============================================
 
You have successfully activated your tourganizer account,
your username is: user@example.com.
 
Go ahead and sign in to the site: http://0.0.0.0:3000/sign_in
 
Thanks for joining and have a great day!

----==_mimepart_51ad70515fab5_56d53fd110c6066c5551f
Content-Type: text/html;
 charset=UTF-8
Content-Transfer-Encoding: 7bit

<!DOCTYPE html>
<html>
  <head>
    <meta content="text/html; charset=UTF-8" http-equiv="Content-Type" />
  </head>
  <body>
    <h1>Congratulations, user@example.com!</h1>
    <p>
      You have successfully activated your tourganizer account,
      your username is: user@example.com.<br/>
    </p>
    <p>
      <a href="http://0.0.0.0:3000/sign_in">Sign In Now</a>.
    </p>
    <p>Thanks for joining and have a great day!</p>
  </body>
</html>

----==_mimepart_51ad70515fab5_56d53fd110c6066c5551f--

  [1m[36m (0.1ms)[0m  [1mBEGIN[0m
  [1m[35m (0.5ms)[0m  UPDATE "users" SET "activation_token" = NULL, "activation_state" = 'active', "updated_at" = '2013-06-04 04:42:57.404222' WHERE "users"."id" = 1
  [1m[36m (0.3ms)[0m  [1mCOMMIT[0m
  [1m[35mUser Load (0.2ms)[0m  SELECT "users".* FROM "users" WHERE "users"."email" = 'admin@example.com' LIMIT 1
  [1m[36m (0.0ms)[0m  [1mBEGIN[0m
  [1m[35mUser Exists (0.2ms)[0m  SELECT 1 AS one FROM "users" WHERE "users"."email" = 'admin@example.com' LIMIT 1
  [1m[36mSQL (0.5ms)[0m  [1mINSERT INTO "users" ("activation_state", "activation_token", "activation_token_expires_at", "admin", "created_at", "crypted_password", "email", "failed_logins_count", "last_activity_at", "last_login_at", "last_logout_at", "lock_expires_at", "name", "remember_me_token", "remember_me_token_expires_at", "reset_password_email_sent_at", "reset_password_token", "reset_password_token_expires_at", "salt", "unlock_token", "updated_at") VALUES ($1, $2, $3, $4, $5, $6, $7, $8, $9, $10, $11, $12, $13, $14, $15, $16, $17, $18, $19, $20, $21) RETURNING "id"[0m  [["activation_state", "pending"], ["activation_token", "qrXJaumLdBDr7exsGyx4"], ["activation_token_expires_at", nil], ["admin", true], ["created_at", Tue, 04 Jun 2013 04:42:57 UTC +00:00], ["crypted_password", "$2a$10$.FF5NmqOVs/Wv6E/YEfzcO62jBo1039S6aS1kZkPDsLG.HHfMsilq"], ["email", "admin@example.com"], ["failed_logins_count", 0], ["last_activity_at", nil], ["last_login_at", nil], ["last_logout_at", nil], ["lock_expires_at", nil], ["name", "Adam Admin"], ["remember_me_token", nil], ["remember_me_token_expires_at", nil], ["reset_password_email_sent_at", nil], ["reset_password_token", nil], ["reset_password_token_expires_at", nil], ["salt", "9JGg8pJpf4TaPbdYJquN"], ["unlock_token", nil], ["updated_at", Tue, 04 Jun 2013 04:42:57 UTC +00:00]]
  Rendered user_mailer/activation_needed_email.html.erb (0.4ms)
  Rendered user_mailer/activation_needed_email.text.erb (0.1ms)

Sent mail to admin@example.com (8ms)
Date: Mon, 03 Jun 2013 21:42:57 -0700
From: notifications@example.com
To: admin@example.com
Message-ID: <51ad705187312_56d53fd110c6066c5589c@localhost.mail>
Subject: Welcome to My Awesome Site!
Mime-Version: 1.0
Content-Type: multipart/alternative;
 boundary="--==_mimepart_51ad705185f05_56d53fd110c6066c5577f";
 charset=UTF-8
Content-Transfer-Encoding: 7bit


----==_mimepart_51ad705185f05_56d53fd110c6066c5577f
Content-Type: text/plain;
 charset=UTF-8
Content-Transfer-Encoding: 7bit

Welcome to Tourganizer, admin@example.com!
===============================================
 
You have successfully signed up to tourganizer.herokuapp.com,
your username is: admin@example.com.
 
To login to the site, just follow this link: http://0.0.0.0:3000/activate/qrXJaumLdBDr7exsGyx4
 
Thanks for joining and have a great day!

----==_mimepart_51ad705185f05_56d53fd110c6066c5577f
Content-Type: text/html;
 charset=UTF-8
Content-Transfer-Encoding: 7bit

<!DOCTYPE html>
<html>
  <head>
    <meta content="text/html; charset=UTF-8" http-equiv="Content-Type" />
  </head>
  <body>
    <h1>Welcome to Tourganizer, admin@example.com</h1>
    <p>
      You have successfully signed up to tourganizer.herokuapp.com,
      your username is: admin@example.com.<br/>
    </p>
    <p>
      To login to the site, just follow this link: <a href="http://0.0.0.0:3000/activate/qrXJaumLdBDr7exsGyx4">http://0.0.0.0:3000/activate/qrXJaumLdBDr7exsGyx4</a>.
    </p>
    <p>Thanks for joining and have a great day!</p>
  </body>
</html>

----==_mimepart_51ad705185f05_56d53fd110c6066c5577f--

  [1m[35m (1.3ms)[0m  COMMIT
  Rendered user_mailer/activation_success_email.html.erb (0.2ms)
  Rendered user_mailer/activation_success_email.text.erb (0.1ms)

Sent mail to admin@example.com (8ms)
Date: Mon, 03 Jun 2013 21:42:57 -0700
From: notifications@example.com
To: admin@example.com
Message-ID: <51ad70518ccc4_56d53fd110c6066c56044@localhost.mail>
Subject: Your account has been activated!
Mime-Version: 1.0
Content-Type: multipart/alternative;
 boundary="--==_mimepart_51ad70518b87c_56d53fd110c6066c559e6";
 charset=UTF-8
Content-Transfer-Encoding: 7bit


----==_mimepart_51ad70518b87c_56d53fd110c6066c559e6
Content-Type: text/plain;
 charset=UTF-8
Content-Transfer-Encoding: 7bit

Congratulations, admin@example.com!
===============================================
 
You have successfully activated your tourganizer account,
your username is: admin@example.com.
 
Go ahead and sign in to the site: http://0.0.0.0:3000/sign_in
 
Thanks for joining and have a great day!

----==_mimepart_51ad70518b87c_56d53fd110c6066c559e6
Content-Type: text/html;
 charset=UTF-8
Content-Transfer-Encoding: 7bit

<!DOCTYPE html>
<html>
  <head>
    <meta content="text/html; charset=UTF-8" http-equiv="Content-Type" />
  </head>
  <body>
    <h1>Congratulations, admin@example.com!</h1>
    <p>
      You have successfully activated your tourganizer account,
      your username is: admin@example.com.<br/>
    </p>
    <p>
      <a href="http://0.0.0.0:3000/sign_in">Sign In Now</a>.
    </p>
    <p>Thanks for joining and have a great day!</p>
  </body>
</html>

----==_mimepart_51ad70518b87c_56d53fd110c6066c559e6--

  [1m[36m (0.1ms)[0m  [1mBEGIN[0m
  [1m[35m (0.3ms)[0m  UPDATE "users" SET "activation_token" = NULL, "activation_state" = 'active', "updated_at" = '2013-06-04 04:42:57.583669' WHERE "users"."id" = 2
  [1m[36m (0.4ms)[0m  [1mCOMMIT[0m
Connecting to database specified by database.yml
  [1m[36m (0.2ms)[0m  [1mSELECT "schema_migrations"."version" FROM "schema_migrations" [0m
  [1m[35m (106.5ms)[0m  DROP DATABASE IF EXISTS "tourganizer_test"
  [1m[36m (231.0ms)[0m  [1mCREATE DATABASE "tourganizer_test" ENCODING = 'utf8'[0m
  [1m[35m (4.7ms)[0m  CREATE TABLE "authentications" ("id" serial primary key, "user_id" integer NOT NULL, "provider" character varying(255) NOT NULL, "uid" character varying(255) NOT NULL, "created_at" timestamp NOT NULL, "updated_at" timestamp NOT NULL) 
  [1m[36m (3.2ms)[0m  [1mCREATE TABLE "users" ("id" serial primary key, "name" character varying(255), "email" character varying(255), "crypted_password" character varying(255), "salt" character varying(255), "created_at" timestamp NOT NULL, "updated_at" timestamp NOT NULL, "failed_logins_count" integer DEFAULT 0, "lock_expires_at" timestamp, "unlock_token" character varying(255), "last_login_at" timestamp, "last_logout_at" timestamp, "last_activity_at" timestamp, "activation_state" character varying(255), "activation_token" character varying(255), "activation_token_expires_at" timestamp, "remember_me_token" character varying(255), "remember_me_token_expires_at" timestamp, "reset_password_token" character varying(255), "reset_password_token_expires_at" timestamp, "reset_password_email_sent_at" timestamp, "admin" boolean) [0m
  [1m[35m (1.1ms)[0m  CREATE INDEX "index_users_on_activation_token" ON "users" ("activation_token")
  [1m[36m (0.9ms)[0m  [1mCREATE UNIQUE INDEX "index_users_on_email" ON "users" ("email")[0m
  [1m[35m (0.9ms)[0m  CREATE INDEX "index_users_on_last_logout_at_and_last_activity_at" ON "users" ("last_logout_at", "last_activity_at")
  [1m[36m (0.7ms)[0m  [1mCREATE INDEX "index_users_on_remember_me_token" ON "users" ("remember_me_token")[0m
  [1m[35m (0.7ms)[0m  CREATE INDEX "index_users_on_reset_password_token" ON "users" ("reset_password_token")
  [1m[36m (0.7ms)[0m  [1mCREATE TABLE "schema_migrations" ("version" character varying(255) NOT NULL) [0m
  [1m[35m (0.7ms)[0m  CREATE UNIQUE INDEX "unique_schema_migrations" ON "schema_migrations" ("version")
  [1m[36m (0.2ms)[0m  [1mSELECT version FROM "schema_migrations"[0m
  [1m[35m (0.4ms)[0m  INSERT INTO "schema_migrations" (version) VALUES ('20121128215337')
  [1m[36m (0.3ms)[0m  [1mINSERT INTO "schema_migrations" (version) VALUES ('20121128215324')[0m
  [1m[35m (0.3ms)[0m  INSERT INTO "schema_migrations" (version) VALUES ('20121128215325')
  [1m[36m (0.3ms)[0m  [1mINSERT INTO "schema_migrations" (version) VALUES ('20121128215326')[0m
  [1m[35m (0.3ms)[0m  INSERT INTO "schema_migrations" (version) VALUES ('20121128215327')
  [1m[36m (0.3ms)[0m  [1mINSERT INTO "schema_migrations" (version) VALUES ('20121128215328')[0m
  [1m[35m (0.3ms)[0m  INSERT INTO "schema_migrations" (version) VALUES ('20121128215329')
  [1m[36m (0.2ms)[0m  [1mINSERT INTO "schema_migrations" (version) VALUES ('20121128215330')[0m
